<?xml version="1.0" encoding="UTF-8"?>
<!-- Generated by org.testng.reporters.JUnitReportReporter -->
<testsuite hostname="DESKTOP-5L43613" failures="0" tests="1" name="com.todo.tests.AddTodoTest" time="2.461" errors="0" timestamp="23 nov. 2023 23:55:49 GMT" skipped="0">
  <testcase classname="com.todo.tests.AddTodoTest" name="iCanAddTodo" time="2.461"/>
</testsuite> <!-- com.todo.tests.AddTodoTest -->
